<?xml version="1.0" encoding="UTF-8"?>
<!-- Generated by org.testng.reporters.JUnitReportReporter -->
<testsuite hostname="DESKTOP-CUU290R" failures="1" tests="8" name="tesNGBasics.testNGKeywords" time="0.063" errors="0" timestamp="13 Jun 2021 13:04:42 GMT" skipped="1">
  <testcase classname="tesNGBasics.testNGKeywords" name="method5" time="0.000">
    <skipped/>
  </testcase> <!-- method5 -->
  <testcase classname="tesNGBasics.testNGKeywords" name="method1" time="0.011"/>
  <testcase classname="tesNGBasics.testNGKeywords" name="method2" time="0.001"/>
  <testcase classname="tesNGBasics.testNGKeywords" name="method2" time="0.008"/>
  <testcase classname="tesNGBasics.testNGKeywords" name="method2" time="0.004"/>
  <testcase classname="tesNGBasics.testNGKeywords" name="method6" time="0.027"/>
  <testcase classname="tesNGBasics.testNGKeywords" name="method3" time="0.003">
    <failure message="null" type="java.lang.AssertionError">
      <![CDATA[java.lang.AssertionError: null
at org.testng.Assert.fail(Assert.java:96)
at org.testng.Assert.fail(Assert.java:103)
at tesNGBasics.testNGKeywords.method3(testNGKeywords.java:34)
at java.base/jdk.internal.reflect.NativeMethodAccessorImpl.invoke0(Native Method)
at java.base/jdk.internal.reflect.NativeMethodAccessorImpl.invoke(NativeMethodAccessorImpl.java:78)
at java.base/jdk.internal.reflect.DelegatingMethodAccessorImpl.invoke(DelegatingMethodAccessorImpl.java:43)
at java.base/java.lang.reflect.Method.invoke(Method.java:567)
at org.testng.internal.MethodInvocationHelper.invokeMethod(MethodInvocationHelper.java:124)
at org.testng.internal.Invoker.invokeMethod(Invoker.java:583)
at org.testng.internal.Invoker.invokeTestMethod(Invoker.java:719)
at org.testng.internal.Invoker.invokeTestMethods(Invoker.java:989)
at org.testng.internal.TestMethodWorker.invokeTestMethods(TestMethodWorker.java:125)
at org.testng.internal.TestMethodWorker.run(TestMethodWorker.java:109)
at java.base/java.util.concurrent.ThreadPoolExecutor.runWorker(ThreadPoolExecutor.java:1130)
at java.base/java.util.concurrent.ThreadPoolExecutor$Worker.run(ThreadPoolExecutor.java:630)
at java.base/java.lang.Thread.run(Thread.java:831)
]]>
    </failure>
  </testcase> <!-- method3 -->
  <testcase classname="tesNGBasics.testNGKeywords" name="method4" time="0.009"/>
</testsuite> <!-- tesNGBasics.testNGKeywords -->
