<?xml version="1.0" encoding="UTF-8"?>
<!-- Generated by org.testng.reporters.JUnitReportReporter -->
<testsuite hostname="DESKTOP-CUU290R" failures="0" tests="5" name="tesNGBasics.testNGKeywords" time="0.042" errors="0" timestamp="15 Jun 2021 01:32:48 GMT" skipped="0">
  <testcase classname="tesNGBasics.testNGKeywords" name="method5" time="0.010"/>
  <testcase classname="tesNGBasics.testNGKeywords" name="method2" time="0.002"/>
  <testcase classname="tesNGBasics.testNGKeywords" name="method2" time="0.003"/>
  <testcase classname="tesNGBasics.testNGKeywords" name="method2" time="0.021"/>
  <testcase classname="tesNGBasics.testNGKeywords" name="method3" time="0.006"/>
</testsuite> <!-- tesNGBasics.testNGKeywords -->
