<?xml version="1.0" encoding="UTF-8"?>
<!-- Generated by org.testng.reporters.JUnitReportReporter -->
<testsuite hostname="DESKTOP-CUU290R" failures="0" tests="3" name="tesNGBasics.parameterization3" time="0.043" errors="0" timestamp="13 Jun 2021 13:04:42 GMT" skipped="0">
  <testcase classname="tesNGBasics.parameterization3" name="test1" time="0.010"/>
  <testcase classname="tesNGBasics.parameterization3" name="test2" time="0.002"/>
  <testcase classname="tesNGBasics.parameterization3" name="test2" time="0.031"/>
</testsuite> <!-- tesNGBasics.parameterization3 -->
